Route #1: 14 179 187 88 94 50 240 159 245 226 
Route #2: 209 76 231 232 108 155 34 81 188 244 133 18 
Route #3: 118 62 237 40 176 24 127 105 92 82 
Route #4: 37 60 110 227 29 51 147 67 32 169 
Route #5: 198 116 63 111 253 171 136 101 201 78 122 
Route #6: 200 35 160 95 239 218 46 166 195 217 
Route #7: 137 90 221 207 57 238 194 47 17 258 132 
Route #8: 55 210 178 107 45 180 162 69 135 177 
Route #9: 11 124 234 243 104 85 242 214 163 
Route #10: 161 151 86 146 39 38 174 152 208 141 74 
Route #11: 10 15 215 49 30 204 96 261 205 191 255 53 
Route #12: 241 150 61 229 71 70 142 31 33 19 
Route #13: 64 77 91 247 184 144 149 119 259 192 256 
Route #14: 138 7 68 211 129 170 106 36 183 230 251 
Route #15: 114 58 26 13 89 167 121 148 9 2 
Route #16: 102 123 254 168 175 66 80 42 197 113 235 
Route #17: 156 5 12 130 206 228 83 65 220 248 
Route #18: 84 59 219 134 158 41 20 97 52 56 
Route #19: 199 28 216 48 117 98 196 22 
Route #20: 43 260 213 212 128 93 236 120 143 257 131 157 
Route #21: 126 8 224 125 190 223 225 103 233 
Route #22: 109 182 87 4 21 139 202 154 100 
Route #23: 186 185 72 79 99 252 145 172 164 115 1 
Route #24: 25 23 222 250 44 246 181 16 3 112 
Route #25: 249 153 189 203 193 173 27 73 54 140 75 6 165 
cost 11992.7
execution_time 405.75
